2021-07-17 11:26:48,501 INFO o.a.j.u.JMeterUtils: Setting Locale to en_EN
2021-07-17 11:26:48,517 INFO o.a.j.JMeter: Loading user properties from: user.properties
2021-07-17 11:26:48,517 INFO o.a.j.JMeter: Loading system properties from: system.properties
2021-07-17 11:26:48,525 INFO o.a.j.JMeter: Copyright (c) 1998-2021 The Apache Software Foundation
2021-07-17 11:26:48,525 INFO o.a.j.JMeter: Version 5.4.1
2021-07-17 11:26:48,525 INFO o.a.j.JMeter: java.version=1.8.0_121
2021-07-17 11:26:48,525 INFO o.a.j.JMeter: java.vm.name=Java HotSpot(TM) 64-Bit Server VM
2021-07-17 11:26:48,525 INFO o.a.j.JMeter: os.name=Windows 10
2021-07-17 11:26:48,525 INFO o.a.j.JMeter: os.arch=amd64
2021-07-17 11:26:48,525 INFO o.a.j.JMeter: os.version=10.0
2021-07-17 11:26:48,526 INFO o.a.j.JMeter: file.encoding=GBK
2021-07-17 11:26:48,526 INFO o.a.j.JMeter: java.awt.headless=true
2021-07-17 11:26:48,526 INFO o.a.j.JMeter: Max memory     =1073741824
2021-07-17 11:26:48,526 INFO o.a.j.JMeter: Available Processors =8
2021-07-17 11:26:48,530 INFO o.a.j.JMeter: Default Locale=English (EN)
2021-07-17 11:26:48,530 INFO o.a.j.JMeter: JMeter  Locale=English (EN)
2021-07-17 11:26:48,530 INFO o.a.j.JMeter: JMeterHome=D:\apache-jmeter-5.4.1
2021-07-17 11:26:48,531 INFO o.a.j.JMeter: user.dir  =D:\apache-jmeter-5.4.1\bin
2021-07-17 11:26:48,531 INFO o.a.j.JMeter: PWD       =D:\apache-jmeter-5.4.1\bin
2021-07-17 11:26:57,557 INFO o.a.j.JMeter: IP: 192.168.254.1 Name: LAPTOP-Q8CIG0UJ FullName: LAPTOP-Q8CIG0UJ
2021-07-17 11:26:57,599 INFO o.a.j.r.RmiUtils: System property 'java.rmi.server.hostname' is not defined, using localHost address
2021-07-17 11:26:57,599 INFO o.a.j.r.RmiUtils: Local IP address=192.168.254.1
2021-07-17 11:26:57,899 ERROR o.a.j.JMeter: Giving up, as server failed with:
java.rmi.server.ExportException: Listen failed on port: 0; nested exception is: 
	java.io.FileNotFoundException: rmi_keystore.jks (系统找不到指定的文件。)
	at sun.rmi.transport.tcp.TCPTransport.listen(TCPTransport.java:343) ~[?:?]
	at sun.rmi.transport.tcp.TCPTransport.exportObject(TCPTransport.java:249) ~[?:?]
	at sun.rmi.transport.tcp.TCPEndpoint.exportObject(TCPEndpoint.java:411) ~[?:?]
	at sun.rmi.transport.LiveRef.exportObject(LiveRef.java:147) ~[?:?]
	at sun.rmi.server.UnicastServerRef.exportObject(UnicastServerRef.java:234) ~[?:?]
	at java.rmi.server.UnicastRemoteObject.exportObject(UnicastRemoteObject.java:383) ~[?:?]
	at java.rmi.server.UnicastRemoteObject.exportObject(UnicastRemoteObject.java:346) ~[?:?]
	at java.rmi.server.UnicastRemoteObject.<init>(UnicastRemoteObject.java:225) ~[?:?]
	at org.apache.jmeter.engine.RemoteJMeterEngineImpl.<init>(RemoteJMeterEngineImpl.java:68) ~[ApacheJMeter_core.jar:5.4.1]
	at org.apache.jmeter.engine.RemoteJMeterEngineImpl.startServer(RemoteJMeterEngineImpl.java:74) ~[ApacheJMeter_core.jar:5.4.1]
	at org.apache.jmeter.JMeter.start(JMeter.java:537) [ApacheJMeter_core.jar:5.4.1]
	at sun.reflect.NativeMethodAccessorImpl.invoke0(Native Method) ~[?:?]
	at sun.reflect.NativeMethodAccessorImpl.invoke(NativeMethodAccessorImpl.java:62) ~[?:?]
	at sun.reflect.DelegatingMethodAccessorImpl.invoke(DelegatingMethodAccessorImpl.java:43) ~[?:?]
	at java.lang.reflect.Method.invoke(Method.java:498) ~[?:?]
	at org.apache.jmeter.NewDriver.main(NewDriver.java:254) [ApacheJMeter.jar:5.4.1]
Caused by: java.io.FileNotFoundException: rmi_keystore.jks (系统找不到指定的文件。)
	at java.io.FileInputStream.open0(Native Method) ~[?:?]
	at java.io.FileInputStream.open(FileInputStream.java:195) ~[?:?]
	at java.io.FileInputStream.<init>(FileInputStream.java:138) ~[?:?]
	at java.io.FileInputStream.<init>(FileInputStream.java:93) ~[?:?]
	at org.apache.jmeter.rmi.SSLRMIServerSocketFactory.loadStore(SSLRMIServerSocketFactory.java:147) ~[ApacheJMeter_core.jar:5.4.1]
	at org.apache.jmeter.rmi.SSLRMIServerSocketFactory.createServerSocket(SSLRMIServerSocketFactory.java:99) ~[ApacheJMeter_core.jar:5.4.1]
	at sun.rmi.transport.tcp.TCPEndpoint.newServerSocket(TCPEndpoint.java:666) ~[?:?]
	at sun.rmi.transport.tcp.TCPTransport.listen(TCPTransport.java:330) ~[?:?]
	... 15 more
2021-07-17 11:26:57,912 ERROR o.a.j.JMeter: An error occurred: 
java.rmi.server.ExportException: Listen failed on port: 0; nested exception is: 
	java.io.FileNotFoundException: rmi_keystore.jks (系统找不到指定的文件。)
	at sun.rmi.transport.tcp.TCPTransport.listen(TCPTransport.java:343) ~[?:?]
	at sun.rmi.transport.tcp.TCPTransport.exportObject(TCPTransport.java:249) ~[?:?]
	at sun.rmi.transport.tcp.TCPEndpoint.exportObject(TCPEndpoint.java:411) ~[?:?]
	at sun.rmi.transport.LiveRef.exportObject(LiveRef.java:147) ~[?:?]
	at sun.rmi.server.UnicastServerRef.exportObject(UnicastServerRef.java:234) ~[?:?]
	at java.rmi.server.UnicastRemoteObject.exportObject(UnicastRemoteObject.java:383) ~[?:?]
	at java.rmi.server.UnicastRemoteObject.exportObject(UnicastRemoteObject.java:346) ~[?:?]
	at java.rmi.server.UnicastRemoteObject.<init>(UnicastRemoteObject.java:225) ~[?:?]
	at org.apache.jmeter.engine.RemoteJMeterEngineImpl.<init>(RemoteJMeterEngineImpl.java:68) ~[ApacheJMeter_core.jar:5.4.1]
	at org.apache.jmeter.engine.RemoteJMeterEngineImpl.startServer(RemoteJMeterEngineImpl.java:74) ~[ApacheJMeter_core.jar:5.4.1]
	at org.apache.jmeter.JMeter.start(JMeter.java:537) [ApacheJMeter_core.jar:5.4.1]
	at sun.reflect.NativeMethodAccessorImpl.invoke0(Native Method) ~[?:?]
	at sun.reflect.NativeMethodAccessorImpl.invoke(NativeMethodAccessorImpl.java:62) ~[?:?]
	at sun.reflect.DelegatingMethodAccessorImpl.invoke(DelegatingMethodAccessorImpl.java:43) ~[?:?]
	at java.lang.reflect.Method.invoke(Method.java:498) ~[?:?]
	at org.apache.jmeter.NewDriver.main(NewDriver.java:254) [ApacheJMeter.jar:5.4.1]
Caused by: java.io.FileNotFoundException: rmi_keystore.jks (系统找不到指定的文件。)
	at java.io.FileInputStream.open0(Native Method) ~[?:?]
	at java.io.FileInputStream.open(FileInputStream.java:195) ~[?:?]
	at java.io.FileInputStream.<init>(FileInputStream.java:138) ~[?:?]
	at java.io.FileInputStream.<init>(FileInputStream.java:93) ~[?:?]
	at org.apache.jmeter.rmi.SSLRMIServerSocketFactory.loadStore(SSLRMIServerSocketFactory.java:147) ~[ApacheJMeter_core.jar:5.4.1]
	at org.apache.jmeter.rmi.SSLRMIServerSocketFactory.createServerSocket(SSLRMIServerSocketFactory.java:99) ~[ApacheJMeter_core.jar:5.4.1]
	at sun.rmi.transport.tcp.TCPEndpoint.newServerSocket(TCPEndpoint.java:666) ~[?:?]
	at sun.rmi.transport.tcp.TCPTransport.listen(TCPTransport.java:330) ~[?:?]
	... 15 more
