2021-07-17 11:28:12,816 INFO o.a.j.u.JMeterUtils: Setting Locale to en_EN
2021-07-17 11:28:12,828 INFO o.a.j.JMeter: Loading user properties from: user.properties
2021-07-17 11:28:12,829 INFO o.a.j.JMeter: Loading system properties from: system.properties
2021-07-17 11:28:12,836 INFO o.a.j.JMeter: Copyright (c) 1998-2021 The Apache Software Foundation
2021-07-17 11:28:12,836 INFO o.a.j.JMeter: Version 5.4.1
2021-07-17 11:28:12,836 INFO o.a.j.JMeter: java.version=1.8.0_121
2021-07-17 11:28:12,836 INFO o.a.j.JMeter: java.vm.name=Java HotSpot(TM) 64-Bit Server VM
2021-07-17 11:28:12,836 INFO o.a.j.JMeter: os.name=Windows 10
2021-07-17 11:28:12,836 INFO o.a.j.JMeter: os.arch=amd64
2021-07-17 11:28:12,836 INFO o.a.j.JMeter: os.version=10.0
2021-07-17 11:28:12,836 INFO o.a.j.JMeter: file.encoding=GBK
2021-07-17 11:28:12,836 INFO o.a.j.JMeter: java.awt.headless=null
2021-07-17 11:28:12,836 INFO o.a.j.JMeter: Max memory     =1073741824
2021-07-17 11:28:12,837 INFO o.a.j.JMeter: Available Processors =8
2021-07-17 11:28:12,841 INFO o.a.j.JMeter: Default Locale=English (EN)
2021-07-17 11:28:12,841 INFO o.a.j.JMeter: JMeter  Locale=English (EN)
2021-07-17 11:28:12,841 INFO o.a.j.JMeter: JMeterHome=C:\Users\Õı…≠\Desktop\apache-jmeter-5.4.1
2021-07-17 11:28:12,841 INFO o.a.j.JMeter: user.dir  =C:\Users\Õı…≠\Desktop\apache-jmeter-5.4.1\bin
2021-07-17 11:28:12,842 INFO o.a.j.JMeter: PWD       =C:\Users\Õı…≠\Desktop\apache-jmeter-5.4.1\bin
2021-07-17 11:28:21,873 INFO o.a.j.JMeter: IP: 192.168.254.1 Name: LAPTOP-Q8CIG0UJ FullName: LAPTOP-Q8CIG0UJ
2021-07-17 11:28:21,948 INFO o.a.j.JMeter: Setting LAF to: com.github.weisj.darklaf.DarkLaf:com.github.weisj.darklaf.theme.DarculaTheme
2021-07-17 11:28:22,228 INFO o.a.j.JMeter: Loaded icon properties from org/apache/jmeter/images/icon.properties
2021-07-17 11:29:17,421 INFO o.a.j.u.JMeterUtils: Setting Locale to zh_TW
2021-07-17 11:29:29,939 INFO o.a.j.u.JMeterUtils: Setting Locale to zh_CN
